  texturemanager.cpp
c:\users\fukuoka.shota\desktop\grass_of_the_wild\grass_of_the_wild\grass_of_the_wild\source\renderer\app_renderer.h(14): fatal error C1083: include ファイルを開けません。'xnamath.h':No such file or directory
  texture.cpp
c:\users\fukuoka.shota\desktop\grass_of_the_wild\grass_of_the_wild\grass_of_the_wild\source\renderer\app_renderer.h(14): fatal error C1083: include ファイルを開けません。'xnamath.h':No such file or directory
  shader_manager.cpp
c:\users\fukuoka.shota\desktop\grass_of_the_wild\grass_of_the_wild\grass_of_the_wild\source\renderer\app_renderer.h(14): fatal error C1083: include ファイルを開けません。'xnamath.h':No such file or directory
  shader.cpp
c:\users\fukuoka.shota\desktop\grass_of_the_wild\grass_of_the_wild\grass_of_the_wild\source\renderer\app_renderer.h(14): fatal error C1083: include ファイルを開けません。'xnamath.h':No such file or directory
  render_manager.cpp
c:\users\fukuoka.shota\desktop\grass_of_the_wild\grass_of_the_wild\grass_of_the_wild\source\renderer\app_renderer.h(14): fatal error C1083: include ファイルを開けません。'xnamath.h':No such file or directory
  renderer.cpp
c:\users\fukuoka.shota\desktop\grass_of_the_wild\grass_of_the_wild\grass_of_the_wild\source\renderer\app_renderer.h(14): fatal error C1083: include ファイルを開けません。'xnamath.h':No such file or directory
  app_renderer.cpp
c:\users\fukuoka.shota\desktop\grass_of_the_wild\grass_of_the_wild\grass_of_the_wild\source\renderer\app_renderer.h(14): fatal error C1083: include ファイルを開けません。'xnamath.h':No such file or directory
  skybox.cpp
c:\users\fukuoka.shota\desktop\grass_of_the_wild\grass_of_the_wild\grass_of_the_wild\source\renderer\app_renderer.h(14): fatal error C1083: include ファイルを開けません。'xnamath.h':No such file or directory
  mesh_manager.cpp
c:\users\fukuoka.shota\desktop\grass_of_the_wild\grass_of_the_wild\grass_of_the_wild\source\renderer\app_renderer.h(14): fatal error C1083: include ファイルを開けません。'xnamath.h':No such file or directory
  mesh_field.cpp
c:\users\fukuoka.shota\desktop\grass_of_the_wild\grass_of_the_wild\grass_of_the_wild\source\renderer\app_renderer.h(14): fatal error C1083: include ファイルを開けません。'xnamath.h':No such file or directory
  mesh.cpp
c:\users\fukuoka.shota\desktop\grass_of_the_wild\grass_of_the_wild\grass_of_the_wild\source\renderer\app_renderer.h(14): fatal error C1083: include ファイルを開けません。'xnamath.h':No such file or directory
  character.cpp
c:\users\fukuoka.shota\desktop\grass_of_the_wild\grass_of_the_wild\grass_of_the_wild\source\renderer\app_renderer.h(14): fatal error C1083: include ファイルを開けません。'xnamath.h':No such file or directory
  shadow_map.cpp
c:\users\fukuoka.shota\desktop\grass_of_the_wild\grass_of_the_wild\grass_of_the_wild\source\renderer\app_renderer.h(14): fatal error C1083: include ファイルを開けません。'xnamath.h':No such file or directory
  canvas.cpp
c:\users\fukuoka.shota\desktop\grass_of_the_wild\grass_of_the_wild\grass_of_the_wild\source\renderer\app_renderer.h(14): fatal error C1083: include ファイルを開けません。'xnamath.h':No such file or directory
  main_camera.cpp
c:\users\fukuoka.shota\desktop\grass_of_the_wild\grass_of_the_wild\grass_of_the_wild\source\renderer\app_renderer.h(14): fatal error C1083: include ファイルを開けません。'xnamath.h':No such file or directory
  light_camera.cpp
c:\users\fukuoka.shota\desktop\grass_of_the_wild\grass_of_the_wild\grass_of_the_wild\source\renderer\app_renderer.h(14): fatal error C1083: include ファイルを開けません。'xnamath.h':No such file or directory
  camera.cpp
c:\users\fukuoka.shota\desktop\grass_of_the_wild\grass_of_the_wild\grass_of_the_wild\source\renderer\app_renderer.h(14): fatal error C1083: include ファイルを開けません。'xnamath.h':No such file or directory
  main.cpp
c:\users\fukuoka.shota\desktop\grass_of_the_wild\grass_of_the_wild\grass_of_the_wild\source\main.cpp(48): error C2440: '初期化中': 'const char [9]' から 'LPCWSTR' に変換できません。
  c:\users\fukuoka.shota\desktop\grass_of_the_wild\grass_of_the_wild\grass_of_the_wild\source\main.cpp(48): note: 指示された型は関連がありません。変換には reinterpret_cast、C スタイル キャストまたは関数スタイルのキャストが必要です。
c:\users\fukuoka.shota\desktop\grass_of_the_wild\grass_of_the_wild\grass_of_the_wild\source\main.cpp(74): error C2664: 'HWND CreateWindowExW(DWORD,LPCWSTR,LPCWSTR,DWORD,int,int,int,int,HWND,HMENU,HINSTANCE,LPVOID)': 引数 2 を 'const char [9]' から 'LPCWSTR' へ変換できません。
  c:\users\fukuoka.shota\desktop\grass_of_the_wild\grass_of_the_wild\grass_of_the_wild\source\main.cpp(74): note: 指示された型は関連がありません。変換には reinterpret_cast、C スタイル キャストまたは関数スタイルのキャストが必要です。
c:\users\fukuoka.shota\desktop\grass_of_the_wild\grass_of_the_wild\grass_of_the_wild\source\main.cpp(136): error C2664: 'BOOL UnregisterClassW(LPCWSTR,HINSTANCE)': 引数 1 を 'const char [9]' から 'LPCWSTR' へ変換できません。
  c:\users\fukuoka.shota\desktop\grass_of_the_wild\grass_of_the_wild\grass_of_the_wild\source\main.cpp(136): note: 指示された型は関連がありません。変換には reinterpret_cast、C スタイル キャストまたは関数スタイルのキャストが必要です。
  vector.cpp
c:\users\fukuoka.shota\desktop\grass_of_the_wild\grass_of_the_wild\grass_of_the_wild\source\lib\vector.cpp(332): warning C4244: '初期化中': 'double' から 'float' への変換です。データが失われる可能性があります。
  input.cpp
c:\users\fukuoka.shota\desktop\grass_of_the_wild\grass_of_the_wild\grass_of_the_wild\source\renderer\app_renderer.h(14): fatal error C1083: include ファイルを開けません。'xnamath.h':No such file or directory
  コードを生成中...
  コンパイル中...
  app.cpp
c:\users\fukuoka.shota\desktop\grass_of_the_wild\grass_of_the_wild\grass_of_the_wild\source\renderer\app_renderer.h(14): fatal error C1083: include ファイルを開けません。'xnamath.h':No such file or directory
  コードを生成中...
  スキップ中... (関連する変更は検出されませんでした)
  object.cpp
