c:\users\fukuoka.shota\desktop\grass_of_the_wild\grass_of_the_wild\grass_of_the_wild\debug\vc141.pdb
c:\users\fukuoka.shota\desktop\grass_of_the_wild\grass_of_the_wild\grass_of_the_wild\debug\vc141.idb
c:\users\fukuoka.shota\desktop\grass_of_the_wild\grass_of_the_wild\grass_of_the_wild\debug\vector.obj
c:\users\fukuoka.shota\desktop\grass_of_the_wild\grass_of_the_wild\grass_of_the_wild\debug\main.obj
c:\users\fukuoka.shota\desktop\grass_of_the_wild\grass_of_the_wild\grass_of_the_wild\debug\camera.obj
c:\users\fukuoka.shota\desktop\grass_of_the_wild\grass_of_the_wild\grass_of_the_wild\debug\light_camera.obj
c:\users\fukuoka.shota\desktop\grass_of_the_wild\grass_of_the_wild\grass_of_the_wild\debug\main_camera.obj
c:\users\fukuoka.shota\desktop\grass_of_the_wild\grass_of_the_wild\grass_of_the_wild\debug\canvas.obj
c:\users\fukuoka.shota\desktop\grass_of_the_wild\grass_of_the_wild\grass_of_the_wild\debug\shadow_map.obj
c:\users\fukuoka.shota\desktop\grass_of_the_wild\grass_of_the_wild\grass_of_the_wild\debug\character.obj
c:\users\fukuoka.shota\desktop\grass_of_the_wild\grass_of_the_wild\grass_of_the_wild\debug\mesh.obj
c:\users\fukuoka.shota\desktop\grass_of_the_wild\grass_of_the_wild\grass_of_the_wild\debug\mesh_manager.obj
c:\users\fukuoka.shota\desktop\grass_of_the_wild\grass_of_the_wild\grass_of_the_wild\debug\skybox.obj
c:\users\fukuoka.shota\desktop\grass_of_the_wild\grass_of_the_wild\grass_of_the_wild\debug\object.obj
c:\users\fukuoka.shota\desktop\grass_of_the_wild\grass_of_the_wild\grass_of_the_wild\debug\app_renderer.obj
c:\users\fukuoka.shota\desktop\grass_of_the_wild\grass_of_the_wild\grass_of_the_wild\debug\renderer.obj
c:\users\fukuoka.shota\desktop\grass_of_the_wild\grass_of_the_wild\grass_of_the_wild\debug\render_manager.obj
c:\users\fukuoka.shota\desktop\grass_of_the_wild\grass_of_the_wild\grass_of_the_wild\debug\shader.obj
c:\users\fukuoka.shota\desktop\grass_of_the_wild\grass_of_the_wild\grass_of_the_wild\debug\shader_manager.obj
c:\users\fukuoka.shota\desktop\grass_of_the_wild\grass_of_the_wild\grass_of_the_wild\debug\texture.obj
c:\users\fukuoka.shota\desktop\grass_of_the_wild\grass_of_the_wild\grass_of_the_wild\debug\texturemanager.obj
c:\users\fukuoka.shota\desktop\grass_of_the_wild\grass_of_the_wild\grass_of_the_wild\debug\app.obj
c:\users\fukuoka.shota\desktop\grass_of_the_wild\grass_of_the_wild\grass_of_the_wild\debug\input.obj
c:\users\fukuoka.shota\desktop\grass_of_the_wild\grass_of_the_wild\grass_of_the_wild\debug\mesh_field.obj
c:\users\fukuoka.shota\desktop\grass_of_the_wild\grass_of_the_wild\grass_of_the_wild\debug\canvas_manager.obj
c:\users\fukuoka.shota\desktop\grass_of_the_wild\grass_of_the_wild\grass_of_the_wild\debug\texture_manager.obj
c:\users\fukuoka.shota\desktop\grass_of_the_wild\grass_of_the_wild\grass_of_the_wild\debug\model.obj
c:\users\fukuoka.shota\desktop\grass_of_the_wild\grass_of_the_wild\grass_of_the_wild\debug\model_manager.obj
c:\users\fukuoka.shota\desktop\grass_of_the_wild\grass_of_the_wild\grass_of_the_wild\debug\player.obj
c:\users\fukuoka.shota\desktop\grass_of_the_wild\grass_of_the_wild\grass_of_the_wild\bin\shader\matpixelshader.cso
c:\users\fukuoka.shota\desktop\grass_of_the_wild\grass_of_the_wild\grass_of_the_wild\bin\shader\normalpshader.cso
c:\users\fukuoka.shota\desktop\grass_of_the_wild\grass_of_the_wild\grass_of_the_wild\bin\shader\normalvshader.cso
c:\users\fukuoka.shota\desktop\grass_of_the_wild\grass_of_the_wild\grass_of_the_wild\bin\shader\pixel3dshader.cso
c:\users\fukuoka.shota\desktop\grass_of_the_wild\grass_of_the_wild\grass_of_the_wild\bin\shader\pixelshader.cso
c:\users\fukuoka.shota\desktop\grass_of_the_wild\grass_of_the_wild\grass_of_the_wild\bin\shader\shadow.cso
c:\users\fukuoka.shota\desktop\grass_of_the_wild\grass_of_the_wild\grass_of_the_wild\bin\shader\skinmeshshader.cso
c:\users\fukuoka.shota\desktop\grass_of_the_wild\grass_of_the_wild\grass_of_the_wild\bin\shader\vertex3dshader.cso
c:\users\fukuoka.shota\desktop\grass_of_the_wild\grass_of_the_wild\grass_of_the_wild\bin\shader\vertexshader.cso
c:\users\fukuoka.shota\desktop\grass_of_the_wild\grass_of_the_wild\grass_of_the_wild\bin\shader\toonpixel.cso
c:\users\fukuoka.shota\desktop\grass_of_the_wild\grass_of_the_wild\grass_of_the_wild\bin\shader\toonshader.cso
c:\users\fukuoka.shota\desktop\grass_of_the_wild\grass_of_the_wild\debug\grass_of_the_wild.ilk
c:\users\fukuoka.shota\desktop\grass_of_the_wild\grass_of_the_wild\debug\grass_of_the_wild.exe
c:\users\fukuoka.shota\desktop\grass_of_the_wild\grass_of_the_wild\debug\grass_of_the_wild.pdb
c:\users\fukuoka.shota\desktop\grass_of_the_wild\grass_of_the_wild\grass_of_the_wild\debug\grass_of.23145dee.tlog\cl.command.1.tlog
c:\users\fukuoka.shota\desktop\grass_of_the_wild\grass_of_the_wild\grass_of_the_wild\debug\grass_of.23145dee.tlog\cl.read.1.tlog
c:\users\fukuoka.shota\desktop\grass_of_the_wild\grass_of_the_wild\grass_of_the_wild\debug\grass_of.23145dee.tlog\cl.write.1.tlog
c:\users\fukuoka.shota\desktop\grass_of_the_wild\grass_of_the_wild\grass_of_the_wild\debug\grass_of.23145dee.tlog\fxc.command.1.tlog
c:\users\fukuoka.shota\desktop\grass_of_the_wild\grass_of_the_wild\grass_of_the_wild\debug\grass_of.23145dee.tlog\fxc.read.1.tlog
c:\users\fukuoka.shota\desktop\grass_of_the_wild\grass_of_the_wild\grass_of_the_wild\debug\grass_of.23145dee.tlog\fxc.write.1.tlog
c:\users\fukuoka.shota\desktop\grass_of_the_wild\grass_of_the_wild\grass_of_the_wild\debug\grass_of.23145dee.tlog\grass_of_the_wild.write.1u.tlog
c:\users\fukuoka.shota\desktop\grass_of_the_wild\grass_of_the_wild\grass_of_the_wild\debug\grass_of.23145dee.tlog\link.command.1.tlog
c:\users\fukuoka.shota\desktop\grass_of_the_wild\grass_of_the_wild\grass_of_the_wild\debug\grass_of.23145dee.tlog\link.read.1.tlog
c:\users\fukuoka.shota\desktop\grass_of_the_wild\grass_of_the_wild\grass_of_the_wild\debug\grass_of.23145dee.tlog\link.write.1.tlog
